0 info it worked if it ends with ok
1 verbose cli [ 'C:\\nodejs\\node.exe',
1 verbose cli   'C:\\nodejs\\node_modules\\npm\\bin\\npm-cli.js',
1 verbose cli   'run',
1 verbose cli   'dev' ]
2 info using npm@3.10.10
3 info using node@v6.11.3
4 verbose run-script [ 'predev', 'dev', 'postdev' ]
5 info lifecycle vue-her@0.0.10~predev: vue-her@0.0.10
6 silly lifecycle vue-her@0.0.10~predev: no script for predev, continuing
7 info lifecycle vue-her@0.0.10~dev: vue-her@0.0.10
8 verbose lifecycle vue-her@0.0.10~dev: unsafe-perm in lifecycle true
9 verbose lifecycle vue-her@0.0.10~dev: PATH: C:\nvm\v6.11.3\node_modules\npm\bin\node-gyp-bin;d:\Program\library\her\node_modules\.bin;C:\ProgramData\Oracle\Java\javapath;C:\Program Files\ImageMagick-7.0.1-Q16-HDRI;C:\Program Files (x86)\ImageMagick-7.0.1-Q8;C:\Program Files (x86)\ImageMagick-7.0.1-Q16;C:\Program Files\ImageMagick-7.0.1-Q8;C:\Program Files\ImageMagick-7.0.1-Q16;C:\Windows\system32;C:\Windows;C:\Windows\System32\Wbem;C:\Windows\System32\WindowsPowerShell\v1.0\;C:\Program Files\Microsoft SQL Server\120\Tools\Binn\;C:\Program Files\Microsoft\Web Platform Installer\;C:\Program Files\TortoiseSVN\bin;C:\Program Files (x86)\Windows Kits\10\Windows Performance Toolkit\;D:\Program Files\cmder\bin;D:\Program Files\cmder;d:\Program Files (x86)\Bitvise SSH Client;C:\Users\Administrator\.windows-build-tools\python27;C:\Program Files (x86)\Yarn\bin;C:\Git\cmd;C:\Git\mingw32\bin;C:\Git\usr\bin;C:\ICW\bin;C:\Windows\system32\config\systemprofile\.dnx\bin;C:\Program Files\Microsoft DNX\Dnvm\;C:\Program Files\Microsoft SQL Server\130\Tools\Binn\;C:\nvm;C:\nodejs;C:\Program Files (x86)\MySQL\MySQL Fabric 1.5 & MySQL Utilities 1.5\;C:\Program Files (x86)\MySQL\MySQL Fabric 1.5 & MySQL Utilities 1.5\Doctrine extensions for PHP\;C:\Users\Administrator\.babun;C:\Users\Administrator\AppData\Local\atom\bin;C:\Users\Administrator\AppData\Local\Yarn\.bin;C:\nvm;C:\nodejs;C:\Program Files\Microsoft VS Code\bin;C:\Users\Administrator\AppData\Local\Programs\Fiddler
10 verbose lifecycle vue-her@0.0.10~dev: CWD: d:\Program\library\her
11 silly lifecycle vue-her@0.0.10~dev: Args: [ '/d /s /c', 'rollup --config ./build/rollup.config.js -w' ]
12 silly lifecycle vue-her@0.0.10~dev: Returned: code: 3221225786  signal: null
13 info lifecycle vue-her@0.0.10~dev: Failed to exec dev script
14 verbose stack Error: vue-her@0.0.10 dev: `rollup --config ./build/rollup.config.js -w`
14 verbose stack Exit status 3221225786
14 verbose stack     at EventEmitter.<anonymous> (C:\nvm\v6.11.3\node_modules\npm\lib\utils\lifecycle.js:255:16)
14 verbose stack     at emitTwo (events.js:106:13)
14 verbose stack     at EventEmitter.emit (events.js:191:7)
14 verbose stack     at ChildProcess.<anonymous> (C:\nvm\v6.11.3\node_modules\npm\lib\utils\spawn.js:40:14)
14 verbose stack     at emitTwo (events.js:106:13)
14 verbose stack     at ChildProcess.emit (events.js:191:7)
14 verbose stack     at maybeClose (internal/child_process.js:920:16)
14 verbose stack     at Process.ChildProcess._handle.onexit (internal/child_process.js:230:5)
15 verbose pkgid vue-her@0.0.10
16 verbose cwd d:\Program\library\her
17 error Windows_NT 6.1.7601
18 error argv "C:\\nodejs\\node.exe" "C:\\nodejs\\node_modules\\npm\\bin\\npm-cli.js" "run" "dev"
19 error node v6.11.3
20 error npm  v3.10.10
21 error code ELIFECYCLE
22 error vue-her@0.0.10 dev: `rollup --config ./build/rollup.config.js -w`
22 error Exit status 3221225786
23 error Failed at the vue-her@0.0.10 dev script 'rollup --config ./build/rollup.config.js -w'.
23 error Make sure you have the latest version of node.js and npm installed.
23 error If you do, this is most likely a problem with the vue-her package,
23 error not with npm itself.
23 error Tell the author that this fails on your system:
23 error     rollup --config ./build/rollup.config.js -w
23 error You can get information on how to open an issue for this project with:
23 error     npm bugs vue-her
23 error Or if that isn't available, you can get their info via:
23 error     npm owner ls vue-her
23 error There is likely additional logging output above.
24 verbose exit [ 1, true ]
